[01m[K/home/uc/ros2_humble_ws/src/navcancel/src/navcancel.cpp:2:10:[m[K [01;31m[Kfatal error: [m[Krclcpp_action/rclcpp_action.hpp: No such file or directory
    2 | #include [01;31m[K"rclcpp_action/rclcpp_action.hpp"[m[K
      |          [01;31m[K^~~~~~~~~~~~~~~~~~~~~~~~~~~~~~~~~[m[K
compilation terminated.
gmake[2]: *** [CMakeFiles/navcancel.dir/build.make:76: CMakeFiles/navcancel.dir/src/navcancel.cpp.o] Error 1
gmake[1]: *** [CMakeFiles/Makefile2:137: CMakeFiles/navcancel.dir/all] Error 2
gmake: *** [Makefile:146: all] Error 2
