-- Found ament_cmake: 1.3.5 (/opt/ros/humble/share/ament_cmake/cmake)
-- Found rclcpp: 16.0.5 (/opt/ros/humble/share/rclcpp/cmake)
-- Found rosidl_generator_c: 3.1.5 (/opt/ros/humble/share/rosidl_generator_c/cmake)
-- Found rosidl_adapter: 3.1.5 (/opt/ros/humble/share/rosidl_adapter/cmake)
-- Found rosidl_generator_cpp: 3.1.5 (/opt/ros/humble/share/rosidl_generator_cpp/cmake)
-- Using all available rosidl_typesupport_c: rosidl_typesupport_fastrtps_c;rosidl_typesupport_introspection_c
-- Using all available rosidl_typesupport_cpp: rosidl_typesupport_fastrtps_cpp;rosidl_typesupport_introspection_cpp
-- Found rmw_implementation_cmake: 6.1.1 (/opt/ros/humble/share/rmw_implementation_cmake/cmake)
-- Found rmw_fastrtps_cpp: 6.2.3 (/opt/ros/humble/share/rmw_fastrtps_cpp/cmake)
-- Using RMW implementation 'rmw_fastrtps_cpp' as default
-- Found nav2_msgs: 1.1.8 (/opt/ros/humble/share/nav2_msgs/cmake)
-- Found rclcpp_action: 16.0.5 (/opt/ros/humble/share/rclcpp_action/cmake)
-- Found ament_lint_auto: 0.12.7 (/opt/ros/humble/share/ament_lint_auto/cmake)
-- Added test 'cppcheck' to perform static code analysis on C / C++ code
-- Configured cppcheck include dirs: /home/uc/ros2_humble_ws/src/navcancel/...
-- Configured cppcheck exclude dirs and/or files: 
-- Added test 'flake8' to check Python code syntax and style conventions
-- Added test 'lint_cmake' to check CMake code style
-- Added test 'pep257' to check Python code against some of the docstring style conventions in PEP 257
-- Added test 'uncrustify' to check C / C++ code style
-- Configured uncrustify additional arguments: 
-- Added test 'xmllint' to check XML markup files
-- Configuring done
-- Generating done
-- Build files have been written to: /home/uc/ros2_humble_ws/src/navcancel/build/navcancel
[35m[1mConsolidate compiler generated dependencies of target navcancel[0m
[ 50%] [32mBuilding CXX object CMakeFiles/navcancel.dir/src/navcancel.cpp.o[0m
[01m[K/home/uc/ros2_humble_ws/src/navcancel/src/navcancel.cpp:[m[K In function â€˜[01m[Kvoid cancelAllGoals()[m[Kâ€™:
[01m[K/home/uc/ros2_humble_ws/src/navcancel/src/navcancel.cpp:6:27:[m[K [01;31m[Kerror: [m[Kâ€˜[01m[Knav_msgs[m[Kâ€™ was not declared in this scope; did you mean â€˜[01m[Knav2_msgs[m[Kâ€™?
    6 |     rclcpp_action::Client<[01;31m[Knav_msgs[m[K::action::NavigateToPose>::SharedPtr client =
      |                           [01;31m[K^~~~~~~~[m[K
      |                           [32m[Knav2_msgs[m[K
[01m[K/home/uc/ros2_humble_ws/src/navcancel/src/navcancel.cpp:6:59:[m[K [01;31m[Kerror: [m[Ktemplate argument 1 is invalid
    6 |     rclcpp_action::Client<nav_msgs::action::NavigateToPose[01;31m[K>[m[K::SharedPtr client =
      |                                                           [01;31m[K^[m[K
[01m[K/home/uc/ros2_humble_ws/src/navcancel/src/navcancel.cpp:6:72:[m[K [01;31m[Kerror: [m[Kqualified-id in declaration before â€˜[01m[Kclient[m[Kâ€™
    6 | pp_action::Client<nav_msgs::action::NavigateToPose>::SharedPtr [01;31m[Kclient[m[K =
      |                                                                [01;31m[K^~~~~~[m[K

[01m[K/home/uc/ros2_humble_ws/src/navcancel/src/navcancel.cpp:8:5:[m[K [01;31m[Kerror: [m[Kâ€˜[01m[Kclient[m[Kâ€™ was not declared in this scope
    8 |     [01;31m[Kclient[m[K->async_cancel_all_goals();
      |     [01;31m[K^~~~~~[m[K
gmake[2]: *** [CMakeFiles/navcancel.dir/build.make:76: CMakeFiles/navcancel.dir/src/navcancel.cpp.o] Error 1
gmake[1]: *** [CMakeFiles/Makefile2:137: CMakeFiles/navcancel.dir/all] Error 2
gmake: *** [Makefile:146: all] Error 2
