[0.018s] Invoking command in '/home/uc/ros2_humble_ws/src/navcancel/build/navcancel': CMAKE_PREFIX_PATH=/opt/ros/humble /usr/bin/cmake --build /home/uc/ros2_humble_ws/src/navcancel/build/navcancel -- -j4 -l4
[0.042s] -- Found ament_cmake: 1.3.5 (/opt/ros/humble/share/ament_cmake/cmake)
[0.174s] -- Found rclcpp: 16.0.5 (/opt/ros/humble/share/rclcpp/cmake)
[0.201s] -- Found rosidl_generator_c: 3.1.5 (/opt/ros/humble/share/rosidl_generator_c/cmake)
[0.203s] -- Found rosidl_adapter: 3.1.5 (/opt/ros/humble/share/rosidl_adapter/cmake)
[0.209s] -- Found rosidl_generator_cpp: 3.1.5 (/opt/ros/humble/share/rosidl_generator_cpp/cmake)
[0.219s] -- Using all available rosidl_typesupport_c: rosidl_typesupport_fastrtps_c;rosidl_typesupport_introspection_c
[0.233s] -- Using all available rosidl_typesupport_cpp: rosidl_typesupport_fastrtps_cpp;rosidl_typesupport_introspection_cpp
[0.285s] -- Found rmw_implementation_cmake: 6.1.1 (/opt/ros/humble/share/rmw_implementation_cmake/cmake)
[0.286s] -- Found rmw_fastrtps_cpp: 6.2.3 (/opt/ros/humble/share/rmw_fastrtps_cpp/cmake)
[0.398s] -- Using RMW implementation 'rmw_fastrtps_cpp' as default
[0.540s] -- Found nav2_msgs: 1.1.8 (/opt/ros/humble/share/nav2_msgs/cmake)
[0.868s] -- Found rclcpp_action: 16.0.5 (/opt/ros/humble/share/rclcpp_action/cmake)
[0.895s] -- Found ament_lint_auto: 0.12.7 (/opt/ros/humble/share/ament_lint_auto/cmake)
[0.964s] -- Added test 'cppcheck' to perform static code analysis on C / C++ code
[0.965s] -- Configured cppcheck include dirs: /home/uc/ros2_humble_ws/src/navcancel/...
[0.965s] -- Configured cppcheck exclude dirs and/or files: 
[0.966s] -- Added test 'flake8' to check Python code syntax and style conventions
[0.968s] -- Added test 'lint_cmake' to check CMake code style
[0.969s] -- Added test 'pep257' to check Python code against some of the docstring style conventions in PEP 257
[0.976s] -- Added test 'uncrustify' to check C / C++ code style
[0.977s] -- Configured uncrustify additional arguments: 
[0.978s] -- Added test 'xmllint' to check XML markup files
[0.979s] -- Configuring done
[1.018s] -- Generating done
[1.021s] -- Build files have been written to: /home/uc/ros2_humble_ws/src/navcancel/build/navcancel
[1.053s] [35m[1mConsolidate compiler generated dependencies of target navcancel[0m
[1.073s] [ 50%] [32mBuilding CXX object CMakeFiles/navcancel.dir/src/navcancel.cpp.o[0m
[3.538s] [01m[K/home/uc/ros2_humble_ws/src/navcancel/src/navcancel.cpp:[m[K In function â€˜[01m[Kvoid cancelAllGoals()[m[Kâ€™:
[3.538s] [01m[K/home/uc/ros2_humble_ws/src/navcancel/src/navcancel.cpp:6:27:[m[K [01;31m[Kerror: [m[Kâ€˜[01m[Knav_msgs[m[Kâ€™ was not declared in this scope; did you mean â€˜[01m[Knav2_msgs[m[Kâ€™?
[3.538s]     6 |     rclcpp_action::Client<[01;31m[Knav_msgs[m[K::action::NavigateToPose>::SharedPtr client =
[3.538s]       |                           [01;31m[K^~~~~~~~[m[K
[3.538s]       |                           [32m[Knav2_msgs[m[K
[3.538s] [01m[K/home/uc/ros2_humble_ws/src/navcancel/src/navcancel.cpp:6:59:[m[K [01;31m[Kerror: [m[Ktemplate argument 1 is invalid
[3.538s]     6 |     rclcpp_action::Client<nav_msgs::action::NavigateToPose[01;31m[K>[m[K::SharedPtr client =
[3.538s]       |                                                           [01;31m[K^[m[K
[3.539s] [01m[K/home/uc/ros2_humble_ws/src/navcancel/src/navcancel.cpp:6:72:[m[K [01;31m[Kerror: [m[Kqualified-id in declaration before â€˜[01m[Kclient[m[Kâ€™
[3.539s]     6 | pp_action::Client<nav_msgs::action::NavigateToPose>::SharedPtr [01;31m[Kclient[m[K =
[3.539s]       |                                                                [01;31m[K^~~~~~[m[K
[3.539s] 
[3.542s] [01m[K/home/uc/ros2_humble_ws/src/navcancel/src/navcancel.cpp:8:5:[m[K [01;31m[Kerror: [m[Kâ€˜[01m[Kclient[m[Kâ€™ was not declared in this scope
[3.542s]     8 |     [01;31m[Kclient[m[K->async_cancel_all_goals();
[3.542s]       |     [01;31m[K^~~~~~[m[K
[3.961s] gmake[2]: *** [CMakeFiles/navcancel.dir/build.make:76: CMakeFiles/navcancel.dir/src/navcancel.cpp.o] Error 1
[3.961s] gmake[1]: *** [CMakeFiles/Makefile2:137: CMakeFiles/navcancel.dir/all] Error 2
[3.961s] gmake: *** [Makefile:146: all] Error 2
[3.965s] Invoked command in '/home/uc/ros2_humble_ws/src/navcancel/build/navcancel' returned '2': CMAKE_PREFIX_PATH=/opt/ros/humble /usr/bin/cmake --build /home/uc/ros2_humble_ws/src/navcancel/build/navcancel -- -j4 -l4
