[01m[K/home/uc/ros2_humble_ws/src/navcancel/src/navcancel.cpp:[m[K In function â€˜[01m[Kint main(int, char**)[m[Kâ€™:
[01m[K/home/uc/ros2_humble_ws/src/navcancel/src/navcancel.cpp:11:26:[m[K [01;31m[Kerror: [m[Kâ€˜[01m[Krclcpp_action[m[Kâ€™ has not been declared
   11 |     auto action_client = [01;31m[Krclcpp_action[m[K::create_client<NavigateToPose>(node, "/navigate_to_pose");
      |                          [01;31m[K^~~~~~~~~~~~~[m[K
[01m[K/home/uc/ros2_humble_ws/src/navcancel/src/navcancel.cpp:11:69:[m[K [01;31m[Kerror: [m[Kexpected primary-expression before â€˜[01m[K>[m[Kâ€™ token
   11 |  action_client = rclcpp_action::create_client<NavigateToPose[01;31m[K>[m[K(node, "/navigate_to_pose");
      |                                                             [01;31m[K^[m[K

[01m[K/home/uc/ros2_humble_ws/src/navcancel/src/navcancel.cpp:11:71:[m[K [01;35m[Kwarning: [m[Kleft operand of comma operator has no effect [[01;35m[K]8;;https://gcc.gnu.org/onlinedocs/gcc/Warning-Options.html#index-Wunused-value-Wunused-value]8;;[m[K]
   11 | ction_client = rclcpp_action::create_client<NavigateToPose>([01;35m[Knode[m[K, "/navigate_to_pose");
      |                                                             [01;35m[K^~~~[m[K

[01m[K/home/uc/ros2_humble_ws/src/navcancel/src/navcancel.cpp:16:31:[m[K [01;31m[Kerror: [m[Kâ€˜[01m[Krclcpp_action[m[Kâ€™ has not been declared
   16 |     if (cancel_result.code == [01;31m[Krclcpp_action[m[K::ResultCode::SUCCESS) {
      |                               [01;31m[K^~~~~~~~~~~~~[m[K
gmake[2]: *** [CMakeFiles/navcancel.dir/build.make:76: CMakeFiles/navcancel.dir/src/navcancel.cpp.o] Error 1
gmake[1]: *** [CMakeFiles/Makefile2:137: CMakeFiles/navcancel.dir/all] Error 2
gmake: *** [Makefile:146: all] Error 2
