[0.014s] Invoking command in '/home/uc/ros2_humble_ws/src/navcancel/build/navcancel': CMAKE_PREFIX_PATH=/opt/ros/humble /usr/bin/cmake --build /home/uc/ros2_humble_ws/src/navcancel/build/navcancel -- -j4 -l4
[0.041s] -- Found ament_cmake: 1.3.5 (/opt/ros/humble/share/ament_cmake/cmake)
[0.172s] -- Found rclcpp: 16.0.5 (/opt/ros/humble/share/rclcpp/cmake)
[0.198s] -- Found rosidl_generator_c: 3.1.5 (/opt/ros/humble/share/rosidl_generator_c/cmake)
[0.200s] -- Found rosidl_adapter: 3.1.5 (/opt/ros/humble/share/rosidl_adapter/cmake)
[0.206s] -- Found rosidl_generator_cpp: 3.1.5 (/opt/ros/humble/share/rosidl_generator_cpp/cmake)
[0.217s] -- Using all available rosidl_typesupport_c: rosidl_typesupport_fastrtps_c;rosidl_typesupport_introspection_c
[0.232s] -- Using all available rosidl_typesupport_cpp: rosidl_typesupport_fastrtps_cpp;rosidl_typesupport_introspection_cpp
[0.282s] -- Found rmw_implementation_cmake: 6.1.1 (/opt/ros/humble/share/rmw_implementation_cmake/cmake)
[0.283s] -- Found rmw_fastrtps_cpp: 6.2.3 (/opt/ros/humble/share/rmw_fastrtps_cpp/cmake)
[0.391s] -- Using RMW implementation 'rmw_fastrtps_cpp' as default
[0.534s] -- Found nav2_msgs: 1.1.8 (/opt/ros/humble/share/nav2_msgs/cmake)
[0.865s] -- Found rclcpp_action: 16.0.5 (/opt/ros/humble/share/rclcpp_action/cmake)
[0.904s] -- Found ament_lint_auto: 0.12.7 (/opt/ros/humble/share/ament_lint_auto/cmake)
[0.977s] -- Added test 'cppcheck' to perform static code analysis on C / C++ code
[0.977s] -- Configured cppcheck include dirs: /home/uc/ros2_humble_ws/src/navcancel/...
[0.978s] -- Configured cppcheck exclude dirs and/or files: 
[0.979s] -- Added test 'flake8' to check Python code syntax and style conventions
[0.980s] -- Added test 'lint_cmake' to check CMake code style
[0.982s] -- Added test 'pep257' to check Python code against some of the docstring style conventions in PEP 257
[0.988s] -- Added test 'uncrustify' to check C / C++ code style
[0.988s] -- Configured uncrustify additional arguments: 
[0.990s] -- Added test 'xmllint' to check XML markup files
[0.990s] -- Configuring done
[1.101s] -- Generating done
[1.104s] -- Build files have been written to: /home/uc/ros2_humble_ws/src/navcancel/build/navcancel
[1.137s] [35m[1mConsolidate compiler generated dependencies of target navcancel[0m
[1.159s] [ 50%] [32mBuilding CXX object CMakeFiles/navcancel.dir/src/navcancel.cpp.o[0m
[4.355s] [01m[K/home/uc/ros2_humble_ws/src/navcancel/src/navcancel.cpp:[m[K In function â€˜[01m[Kint main(int, char**)[m[Kâ€™:
[4.355s] [01m[K/home/uc/ros2_humble_ws/src/navcancel/src/navcancel.cpp:11:26:[m[K [01;31m[Kerror: [m[Kâ€˜[01m[Krclcpp_action[m[Kâ€™ has not been declared
[4.355s]    11 |     auto action_client = [01;31m[Krclcpp_action[m[K::create_client<NavigateToPose>(node, "/navigate_to_pose");
[4.355s]       |                          [01;31m[K^~~~~~~~~~~~~[m[K
[4.355s] [01m[K/home/uc/ros2_humble_ws/src/navcancel/src/navcancel.cpp:11:69:[m[K [01;31m[Kerror: [m[Kexpected primary-expression before â€˜[01m[K>[m[Kâ€™ token
[4.355s]    11 |  action_client = rclcpp_action::create_client<NavigateToPose[01;31m[K>[m[K(node, "/navigate_to_pose");
[4.355s]       |                                                             [01;31m[K^[m[K
[4.355s] 
[4.355s] [01m[K/home/uc/ros2_humble_ws/src/navcancel/src/navcancel.cpp:11:71:[m[K [01;35m[Kwarning: [m[Kleft operand of comma operator has no effect [[01;35m[K]8;;https://gcc.gnu.org/onlinedocs/gcc/Warning-Options.html#index-Wunused-value-Wunused-value]8;;[m[K]
[4.355s]    11 | ction_client = rclcpp_action::create_client<NavigateToPose>([01;35m[Knode[m[K, "/navigate_to_pose");
[4.355s]       |                                                             [01;35m[K^~~~[m[K
[4.355s] 
[4.355s] [01m[K/home/uc/ros2_humble_ws/src/navcancel/src/navcancel.cpp:16:31:[m[K [01;31m[Kerror: [m[Kâ€˜[01m[Krclcpp_action[m[Kâ€™ has not been declared
[4.355s]    16 |     if (cancel_result.code == [01;31m[Krclcpp_action[m[K::ResultCode::SUCCESS) {
[4.355s]       |                               [01;31m[K^~~~~~~~~~~~~[m[K
[5.054s] gmake[2]: *** [CMakeFiles/navcancel.dir/build.make:76: CMakeFiles/navcancel.dir/src/navcancel.cpp.o] Error 1
[5.054s] gmake[1]: *** [CMakeFiles/Makefile2:137: CMakeFiles/navcancel.dir/all] Error 2
[5.054s] gmake: *** [Makefile:146: all] Error 2
[5.059s] Invoked command in '/home/uc/ros2_humble_ws/src/navcancel/build/navcancel' returned '2': CMAKE_PREFIX_PATH=/opt/ros/humble /usr/bin/cmake --build /home/uc/ros2_humble_ws/src/navcancel/build/navcancel -- -j4 -l4
