[0.031s] Invoking command in '/home/uc/ros2_humble_ws/src/navcancel/build/navcancel': CMAKE_PREFIX_PATH=${CMAKE_PREFIX_PATH}:/opt/ros/humble /usr/bin/cmake --build /home/uc/ros2_humble_ws/src/navcancel/build/navcancel -- -j4 -l4
[0.107s] [35m[1mConsolidate compiler generated dependencies of target navcancel[0m
[0.134s] [ 50%] [32mBuilding CXX object CMakeFiles/navcancel.dir/src/navcancel.cpp.o[0m
[3.920s] [01m[K/home/uc/ros2_humble_ws/src/navcancel/src/navcancel.cpp:[m[K In function â€˜[01m[Kvoid cancelAllGoals()[m[Kâ€™:
[3.920s] [01m[K/home/uc/ros2_humble_ws/src/navcancel/src/navcancel.cpp:13:13:[m[K [01;31m[Kerror: [m[Kâ€˜[01m[Kusing element_type = class rclcpp_action::Client<nav2_msgs::action::NavigateToPose>[m[Kâ€™ {aka â€˜[01m[Kclass rclcpp_action::Client<nav2_msgs::action::NavigateToPose>[m[Kâ€™} has no member named â€˜[01m[Kget_action_server[m[Kâ€™; did you mean â€˜[01m[Kwait_for_action_server[m[Kâ€™?
[3.920s]    13 |     client->[01;31m[Kget_action_server[m[K()->wait_for_result();
[3.920s]       |             [01;31m[K^~~~~~~~~~~~~~~~~[m[K
[3.920s]       |             [32m[Kwait_for_action_server[m[K
[4.866s] gmake[2]: *** [CMakeFiles/navcancel.dir/build.make:76: CMakeFiles/navcancel.dir/src/navcancel.cpp.o] Error 1
[4.868s] gmake[1]: *** [CMakeFiles/Makefile2:137: CMakeFiles/navcancel.dir/all] Error 2
[4.868s] gmake: *** [Makefile:146: all] Error 2
[4.872s] Invoked command in '/home/uc/ros2_humble_ws/src/navcancel/build/navcancel' returned '2': CMAKE_PREFIX_PATH=${CMAKE_PREFIX_PATH}:/opt/ros/humble /usr/bin/cmake --build /home/uc/ros2_humble_ws/src/navcancel/build/navcancel -- -j4 -l4
