[0.021s] Invoking command in '/home/uc/ros2_humble_ws/src/navcancel/build/navcancel': CMAKE_PREFIX_PATH=${CMAKE_PREFIX_PATH}:/opt/ros/humble /usr/bin/cmake --build /home/uc/ros2_humble_ws/src/navcancel/build/navcancel -- -j4 -l4
[0.049s] -- Found ament_cmake: 1.3.5 (/opt/ros/humble/share/ament_cmake/cmake)
[0.250s] -- Found rclcpp: 16.0.5 (/opt/ros/humble/share/rclcpp/cmake)
[0.380s] -- Found rosidl_generator_c: 3.1.5 (/opt/ros/humble/share/rosidl_generator_c/cmake)
[0.392s] -- Found rosidl_adapter: 3.1.5 (/opt/ros/humble/share/rosidl_adapter/cmake)
[0.419s] -- Found rosidl_generator_cpp: 3.1.5 (/opt/ros/humble/share/rosidl_generator_cpp/cmake)
[0.464s] -- Using all available rosidl_typesupport_c: rosidl_typesupport_fastrtps_c;rosidl_typesupport_introspection_c
[0.508s] -- Using all available rosidl_typesupport_cpp: rosidl_typesupport_fastrtps_cpp;rosidl_typesupport_introspection_cpp
[0.657s] -- Found rmw_implementation_cmake: 6.1.1 (/opt/ros/humble/share/rmw_implementation_cmake/cmake)
[0.665s] -- Found rmw_fastrtps_cpp: 6.2.3 (/opt/ros/humble/share/rmw_fastrtps_cpp/cmake)
[0.897s] -- Using RMW implementation 'rmw_fastrtps_cpp' as default
[1.197s] -- Found nav2_msgs: 1.1.8 (/opt/ros/humble/share/nav2_msgs/cmake)
[1.694s] -- Found rclcpp_action: 16.0.5 (/opt/ros/humble/share/rclcpp_action/cmake)
[1.745s] -- Found ament_lint_auto: 0.12.7 (/opt/ros/humble/share/ament_lint_auto/cmake)
[1.893s] -- Added test 'cppcheck' to perform static code analysis on C / C++ code
[1.893s] -- Configured cppcheck include dirs: /home/uc/ros2_humble_ws/src/navcancel/...
[1.893s] -- Configured cppcheck exclude dirs and/or files: 
[1.899s] -- Added test 'flake8' to check Python code syntax and style conventions
[1.904s] -- Added test 'lint_cmake' to check CMake code style
[1.908s] -- Added test 'pep257' to check Python code against some of the docstring style conventions in PEP 257
[1.923s] -- Added test 'uncrustify' to check C / C++ code style
[1.924s] -- Configured uncrustify additional arguments: 
[1.929s] -- Added test 'xmllint' to check XML markup files
[1.934s] -- Configuring done
[2.068s] -- Generating done
[2.075s] -- Build files have been written to: /home/uc/ros2_humble_ws/src/navcancel/build/navcancel
[2.124s] [35m[1mConsolidate compiler generated dependencies of target navcancel[0m
[2.196s] [ 50%] [32mBuilding CXX object CMakeFiles/navcancel.dir/src/navcancel.cpp.o[0m
[3.220s] [01m[K/home/uc/ros2_humble_ws/src/navcancel/src/navcancel.cpp:3:10:[m[K [01;31m[Kfatal error: [m[Krclcpp_action/rclcpp_action.hpp: No such file or directory
[3.220s]     3 | #include [01;31m[K"rclcpp_action/rclcpp_action.hpp"[m[K
[3.220s]       |          [01;31m[K^~~~~~~~~~~~~~~~~~~~~~~~~~~~~~~~~[m[K
[3.220s] compilation terminated.
[3.225s] gmake[2]: *** [CMakeFiles/navcancel.dir/build.make:76: CMakeFiles/navcancel.dir/src/navcancel.cpp.o] Error 1
[3.226s] gmake[1]: *** [CMakeFiles/Makefile2:137: CMakeFiles/navcancel.dir/all] Error 2
[3.226s] gmake: *** [Makefile:146: all] Error 2
[3.233s] Invoked command in '/home/uc/ros2_humble_ws/src/navcancel/build/navcancel' returned '2': CMAKE_PREFIX_PATH=${CMAKE_PREFIX_PATH}:/opt/ros/humble /usr/bin/cmake --build /home/uc/ros2_humble_ws/src/navcancel/build/navcancel -- -j4 -l4
