[0.000000] (-) TimerEvent: {}
[0.000845] (navcancel) JobQueued: {'identifier': 'navcancel', 'dependencies': OrderedDict()}
[0.000893] (navcancel) JobStarted: {'identifier': 'navcancel'}
[0.012806] (navcancel) JobProgress: {'identifier': 'navcancel', 'progress': 'cmake'}
[0.013820] (navcancel) JobProgress: {'identifier': 'navcancel', 'progress': 'build'}
[0.016925] (navcancel) Command: {'cmd': ['/usr/bin/cmake', '--build', '/home/uc/ros2_humble_ws/src/navcancel/build/navcancel', '--', '-j4', '-l4'], 'cwd': '/home/uc/ros2_humble_ws/src/navcancel/build/navcancel', 'env': OrderedDict([('LESSOPEN', '| /usr/bin/lesspipe %s'), ('USER', 'uc'), ('LC_TIME', 'tr_TR.UTF-8'), ('XDG_SESSION_TYPE', 'x11'), ('SHLVL', '1'), ('LD_LIBRARY_PATH', '/usr/lib/x86_64-linux-gnu/gazebo-11/plugins:/opt/ros/humble/opt/rviz_ogre_vendor/lib:/opt/ros/humble/lib/x86_64-linux-gnu:/opt/ros/humble/lib'), ('HOME', '/home/uc'), ('OLDPWD', '/home/uc/ros2_humble_ws/src/navcancel/src'), ('DESKTOP_SESSION', 'ubuntu'), ('ROS_PYTHON_VERSION', '3'), ('GNOME_SHELL_SESSION_MODE', 'ubuntu'), ('GTK_MODULES', 'gail:atk-bridge'), ('LC_MONETARY', 'tr_TR.UTF-8'), ('SYSTEMD_EXEC_PID', '1969'), ('DBUS_SESSION_BUS_ADDRESS', 'unix:path=/run/user/1000/bus'), ('COLORTERM', 'truecolor'), ('COLCON_PREFIX_PATH', '/home/uc/ros2_humble_ws/install'), ('ROS_DISTRO', 'humble'), ('GTK_IM_MODULE', 'ibus'), ('LOGNAME', 'uc'), ('_', '/usr/bin/colcon'), ('ROS_VERSION', '2'), ('XDG_SESSION_CLASS', 'user'), ('USERNAME', 'uc'), ('TERM', 'xterm-256color'), ('GAZEBO_MODEL_PATH', ':/opt/ros/humble/share/turtlebot3_gazebo/models'), ('GNOME_DESKTOP_SESSION_ID', 'this-is-deprecated'), ('ROS_LOCALHOST_ONLY', '0'), ('WINDOWPATH', '2'), ('PATH', '/opt/ros/humble/bin:/usr/local/sbin:/usr/local/bin:/usr/sbin:/usr/bin:/sbin:/bin:/usr/games:/usr/local/games:/snap/bin:/snap/bin:/home/uc/.local/share/JetBrains/Toolbox/scripts'), ('SESSION_MANAGER', 'local/UC:@/tmp/.ICE-unix/1947,unix/UC:/tmp/.ICE-unix/1947'), ('XDG_MENU_PREFIX', 'gnome-'), ('LC_ADDRESS', 'tr_TR.UTF-8'), ('GNOME_TERMINAL_SCREEN', '/org/gnome/Terminal/screen/a63fe312_e344_4227_a161_2dd5ae680a10'), ('XDG_RUNTIME_DIR', '/run/user/1000'), ('DISPLAY', ':1'), ('LANG', 'en_US.UTF-8'), ('XDG_CURRENT_DESKTOP', 'ubuntu:GNOME'), ('LC_TELEPHONE', 'tr_TR.UTF-8'), ('XMODIFIERS', '@im=ibus'), ('XDG_SESSION_DESKTOP', 'ubuntu'), ('XAUTHORITY', '/run/user/1000/gdm/Xauthority'), ('LS_COLORS', 'rs=0:di=01;34:ln=01;36:mh=00:pi=40;33:so=01;35:do=01;35:bd=40;33;01:cd=40;33;01:or=40;31;01:mi=00:su=37;41:sg=30;43:ca=30;41:tw=30;42:ow=34;42:st=37;44:ex=01;32:*.tar=01;31:*.tgz=01;31:*.arc=01;31:*.arj=01;31:*.taz=01;31:*.lha=01;31:*.lz4=01;31:*.lzh=01;31:*.lzma=01;31:*.tlz=01;31:*.txz=01;31:*.tzo=01;31:*.t7z=01;31:*.zip=01;31:*.z=01;31:*.dz=01;31:*.gz=01;31:*.lrz=01;31:*.lz=01;31:*.lzo=01;31:*.xz=01;31:*.zst=01;31:*.tzst=01;31:*.bz2=01;31:*.bz=01;31:*.tbz=01;31:*.tbz2=01;31:*.tz=01;31:*.deb=01;31:*.rpm=01;31:*.jar=01;31:*.war=01;31:*.ear=01;31:*.sar=01;31:*.rar=01;31:*.alz=01;31:*.ace=01;31:*.zoo=01;31:*.cpio=01;31:*.7z=01;31:*.rz=01;31:*.cab=01;31:*.wim=01;31:*.swm=01;31:*.dwm=01;31:*.esd=01;31:*.jpg=01;35:*.jpeg=01;35:*.mjpg=01;35:*.mjpeg=01;35:*.gif=01;35:*.bmp=01;35:*.pbm=01;35:*.pgm=01;35:*.ppm=01;35:*.tga=01;35:*.xbm=01;35:*.xpm=01;35:*.tif=01;35:*.tiff=01;35:*.png=01;35:*.svg=01;35:*.svgz=01;35:*.mng=01;35:*.pcx=01;35:*.mov=01;35:*.mpg=01;35:*.mpeg=01;35:*.m2v=01;35:*.mkv=01;35:*.webm=01;35:*.webp=01;35:*.ogm=01;35:*.mp4=01;35:*.m4v=01;35:*.mp4v=01;35:*.vob=01;35:*.qt=01;35:*.nuv=01;35:*.wmv=01;35:*.asf=01;35:*.rm=01;35:*.rmvb=01;35:*.flc=01;35:*.avi=01;35:*.fli=01;35:*.flv=01;35:*.gl=01;35:*.dl=01;35:*.xcf=01;35:*.xwd=01;35:*.yuv=01;35:*.cgm=01;35:*.emf=01;35:*.ogv=01;35:*.ogx=01;35:*.aac=00;36:*.au=00;36:*.flac=00;36:*.m4a=00;36:*.mid=00;36:*.midi=00;36:*.mka=00;36:*.mp3=00;36:*.mpc=00;36:*.ogg=00;36:*.ra=00;36:*.wav=00;36:*.oga=00;36:*.opus=00;36:*.spx=00;36:*.xspf=00;36:'), ('GNOME_TERMINAL_SERVICE', ':1.110'), ('SSH_AGENT_LAUNCHER', 'gnome-keyring'), ('SSH_AUTH_SOCK', '/run/user/1000/keyring/ssh'), ('AMENT_PREFIX_PATH', '/opt/ros/humble'), ('SHELL', '/bin/bash'), ('LC_NAME', 'tr_TR.UTF-8'), ('QT_ACCESSIBILITY', '1'), ('GDMSESSION', 'ubuntu'), ('LESSCLOSE', '/usr/bin/lesspipe %s %s'), ('LC_MEASUREMENT', 'tr_TR.UTF-8'), ('GPG_AGENT_INFO', '/run/user/1000/gnupg/S.gpg-agent:0:1'), ('LC_IDENTIFICATION', 'tr_TR.UTF-8'), ('QT_IM_MODULE', 'ibus'), ('PWD', '/home/uc/ros2_humble_ws/src/navcancel/build/navcancel'), ('TURTLEBOT3_MODEL', 'waffle'), ('LC_ALL', 'en_US.UTF-8'), ('XDG_CONFIG_DIRS', '/etc/xdg/xdg-ubuntu:/etc/xdg'), ('XDG_DATA_DIRS', '/usr/share/ubuntu:/usr/share/gnome:/usr/local/share/:/usr/share/:/var/lib/snapd/desktop'), ('PYTHONPATH', '/opt/ros/humble/lib/python3.10/site-packages:/opt/ros/humble/local/lib/python3.10/dist-packages'), ('LC_NUMERIC', 'tr_TR.UTF-8'), ('LC_PAPER', 'tr_TR.UTF-8'), ('COLCON', '1'), ('VTE_VERSION', '6800'), ('CMAKE_PREFIX_PATH', '/opt/ros/humble')]), 'shell': False}
[0.043288] (navcancel) StdoutLine: {'line': b'-- Found ament_cmake: 1.3.5 (/opt/ros/humble/share/ament_cmake/cmake)\n'}
[0.098381] (-) TimerEvent: {}
[0.174540] (navcancel) StdoutLine: {'line': b'-- Found rclcpp: 16.0.5 (/opt/ros/humble/share/rclcpp/cmake)\n'}
[0.198696] (-) TimerEvent: {}
[0.202046] (navcancel) StdoutLine: {'line': b'-- Found rosidl_generator_c: 3.1.5 (/opt/ros/humble/share/rosidl_generator_c/cmake)\n'}
[0.204071] (navcancel) StdoutLine: {'line': b'-- Found rosidl_adapter: 3.1.5 (/opt/ros/humble/share/rosidl_adapter/cmake)\n'}
[0.209749] (navcancel) StdoutLine: {'line': b'-- Found rosidl_generator_cpp: 3.1.5 (/opt/ros/humble/share/rosidl_generator_cpp/cmake)\n'}
[0.219395] (navcancel) StdoutLine: {'line': b'-- Using all available rosidl_typesupport_c: rosidl_typesupport_fastrtps_c;rosidl_typesupport_introspection_c\n'}
[0.233806] (navcancel) StdoutLine: {'line': b'-- Using all available rosidl_typesupport_cpp: rosidl_typesupport_fastrtps_cpp;rosidl_typesupport_introspection_cpp\n'}
[0.285485] (navcancel) StdoutLine: {'line': b'-- Found rmw_implementation_cmake: 6.1.1 (/opt/ros/humble/share/rmw_implementation_cmake/cmake)\n'}
[0.286434] (navcancel) StdoutLine: {'line': b'-- Found rmw_fastrtps_cpp: 6.2.3 (/opt/ros/humble/share/rmw_fastrtps_cpp/cmake)\n'}
[0.299007] (-) TimerEvent: {}
[0.398963] (navcancel) StdoutLine: {'line': b"-- Using RMW implementation 'rmw_fastrtps_cpp' as default\n"}
[0.399185] (-) TimerEvent: {}
[0.500072] (-) TimerEvent: {}
[0.541343] (navcancel) StdoutLine: {'line': b'-- Found nav2_msgs: 1.1.8 (/opt/ros/humble/share/nav2_msgs/cmake)\n'}
[0.600424] (-) TimerEvent: {}
[0.701247] (-) TimerEvent: {}
[0.801937] (-) TimerEvent: {}
[0.869010] (navcancel) StdoutLine: {'line': b'-- Found rclcpp_action: 16.0.5 (/opt/ros/humble/share/rclcpp_action/cmake)\n'}
[0.896142] (navcancel) StdoutLine: {'line': b'-- Found ament_lint_auto: 0.12.7 (/opt/ros/humble/share/ament_lint_auto/cmake)\n'}
[0.902525] (-) TimerEvent: {}
[0.965161] (navcancel) StdoutLine: {'line': b"-- Added test 'cppcheck' to perform static code analysis on C / C++ code\n"}
[0.965511] (navcancel) StdoutLine: {'line': b'-- Configured cppcheck include dirs: /home/uc/ros2_humble_ws/src/navcancel/...\n'}
[0.965569] (navcancel) StdoutLine: {'line': b'-- Configured cppcheck exclude dirs and/or files: \n'}
[0.966847] (navcancel) StdoutLine: {'line': b"-- Added test 'flake8' to check Python code syntax and style conventions\n"}
[0.969144] (navcancel) StdoutLine: {'line': b"-- Added test 'lint_cmake' to check CMake code style\n"}
[0.970346] (navcancel) StdoutLine: {'line': b"-- Added test 'pep257' to check Python code against some of the docstring style conventions in PEP 257\n"}
[0.977313] (navcancel) StdoutLine: {'line': b"-- Added test 'uncrustify' to check C / C++ code style\n"}
[0.977513] (navcancel) StdoutLine: {'line': b'-- Configured uncrustify additional arguments: \n'}
[0.978531] (navcancel) StdoutLine: {'line': b"-- Added test 'xmllint' to check XML markup files\n"}
[0.979653] (navcancel) StdoutLine: {'line': b'-- Configuring done\n'}
[1.003022] (-) TimerEvent: {}
[1.019301] (navcancel) StdoutLine: {'line': b'-- Generating done\n'}
[1.022105] (navcancel) StdoutLine: {'line': b'-- Build files have been written to: /home/uc/ros2_humble_ws/src/navcancel/build/navcancel\n'}
[1.053598] (navcancel) StdoutLine: {'line': b'\x1b[35m\x1b[1mConsolidate compiler generated dependencies of target navcancel\x1b[0m\n'}
[1.073937] (navcancel) StdoutLine: {'line': b'[ 50%] \x1b[32mBuilding CXX object CMakeFiles/navcancel.dir/src/navcancel.cpp.o\x1b[0m\n'}
[1.103353] (-) TimerEvent: {}
[1.203841] (-) TimerEvent: {}
[1.304978] (-) TimerEvent: {}
[1.405946] (-) TimerEvent: {}
[1.506913] (-) TimerEvent: {}
[1.607837] (-) TimerEvent: {}
[1.708824] (-) TimerEvent: {}
[1.809628] (-) TimerEvent: {}
[1.910489] (-) TimerEvent: {}
[2.011076] (-) TimerEvent: {}
[2.111998] (-) TimerEvent: {}
[2.212919] (-) TimerEvent: {}
[2.313901] (-) TimerEvent: {}
[2.414866] (-) TimerEvent: {}
[2.515902] (-) TimerEvent: {}
[2.616884] (-) TimerEvent: {}
[2.717459] (-) TimerEvent: {}
[2.818085] (-) TimerEvent: {}
[2.919033] (-) TimerEvent: {}
[3.019984] (-) TimerEvent: {}
[3.121293] (-) TimerEvent: {}
[3.221905] (-) TimerEvent: {}
[3.322476] (-) TimerEvent: {}
[3.423304] (-) TimerEvent: {}
[3.524017] (-) TimerEvent: {}
[3.538406] (navcancel) StderrLine: {'line': b'\x1b[01m\x1b[K/home/uc/ros2_humble_ws/src/navcancel/src/navcancel.cpp:\x1b[m\x1b[K In function \xe2\x80\x98\x1b[01m\x1b[Kvoid cancelAllGoals()\x1b[m\x1b[K\xe2\x80\x99:\n'}
[3.538703] (navcancel) StderrLine: {'line': b'\x1b[01m\x1b[K/home/uc/ros2_humble_ws/src/navcancel/src/navcancel.cpp:6:27:\x1b[m\x1b[K \x1b[01;31m\x1b[Kerror: \x1b[m\x1b[K\xe2\x80\x98\x1b[01m\x1b[Knav_msgs\x1b[m\x1b[K\xe2\x80\x99 was not declared in this scope; did you mean \xe2\x80\x98\x1b[01m\x1b[Knav2_msgs\x1b[m\x1b[K\xe2\x80\x99?\n'}
[3.538782] (navcancel) StderrLine: {'line': b'    6 |     rclcpp_action::Client<\x1b[01;31m\x1b[Knav_msgs\x1b[m\x1b[K::action::NavigateToPose>::SharedPtr client =\n'}
[3.538882] (navcancel) StderrLine: {'line': b'      |                           \x1b[01;31m\x1b[K^~~~~~~~\x1b[m\x1b[K\n'}
[3.538931] (navcancel) StderrLine: {'line': b'      |                           \x1b[32m\x1b[Knav2_msgs\x1b[m\x1b[K\n'}
[3.539020] (navcancel) StderrLine: {'line': b'\x1b[01m\x1b[K/home/uc/ros2_humble_ws/src/navcancel/src/navcancel.cpp:6:59:\x1b[m\x1b[K \x1b[01;31m\x1b[Kerror: \x1b[m\x1b[Ktemplate argument 1 is invalid\n'}
[3.539075] (navcancel) StderrLine: {'line': b'    6 |     rclcpp_action::Client<nav_msgs::action::NavigateToPose\x1b[01;31m\x1b[K>\x1b[m\x1b[K::SharedPtr client =\n'}
[3.539193] (navcancel) StderrLine: {'line': b'      |                                                           \x1b[01;31m\x1b[K^\x1b[m\x1b[K\n'}
[3.539520] (navcancel) StderrLine: {'line': b'\x1b[01m\x1b[K/home/uc/ros2_humble_ws/src/navcancel/src/navcancel.cpp:6:72:\x1b[m\x1b[K \x1b[01;31m\x1b[Kerror: \x1b[m\x1b[Kqualified-id in declaration before \xe2\x80\x98\x1b[01m\x1b[Kclient\x1b[m\x1b[K\xe2\x80\x99\n'}
[3.539638] (navcancel) StderrLine: {'line': b'    6 | pp_action::Client<nav_msgs::action::NavigateToPose>::SharedPtr \x1b[01;31m\x1b[Kclient\x1b[m\x1b[K =\n'}
[3.539687] (navcancel) StderrLine: {'line': b'      |                                                                \x1b[01;31m\x1b[K^~~~~~\x1b[m\x1b[K\n'}
[3.539729] (navcancel) StderrLine: {'line': b'\n'}
[3.542570] (navcancel) StderrLine: {'line': b'\x1b[01m\x1b[K/home/uc/ros2_humble_ws/src/navcancel/src/navcancel.cpp:8:5:\x1b[m\x1b[K \x1b[01;31m\x1b[Kerror: \x1b[m\x1b[K\xe2\x80\x98\x1b[01m\x1b[Kclient\x1b[m\x1b[K\xe2\x80\x99 was not declared in this scope\n'}
[3.542744] (navcancel) StderrLine: {'line': b'    8 |     \x1b[01;31m\x1b[Kclient\x1b[m\x1b[K->async_cancel_all_goals();\n'}
[3.542794] (navcancel) StderrLine: {'line': b'      |     \x1b[01;31m\x1b[K^~~~~~\x1b[m\x1b[K\n'}
[3.624648] (-) TimerEvent: {}
[3.725577] (-) TimerEvent: {}
[3.826658] (-) TimerEvent: {}
[3.927296] (-) TimerEvent: {}
[3.960944] (navcancel) StderrLine: {'line': b'gmake[2]: *** [CMakeFiles/navcancel.dir/build.make:76: CMakeFiles/navcancel.dir/src/navcancel.cpp.o] Error 1\n'}
[3.961917] (navcancel) StderrLine: {'line': b'gmake[1]: *** [CMakeFiles/Makefile2:137: CMakeFiles/navcancel.dir/all] Error 2\n'}
[3.962052] (navcancel) StderrLine: {'line': b'gmake: *** [Makefile:146: all] Error 2\n'}
[3.965597] (navcancel) CommandEnded: {'returncode': 2}
[4.018785] (navcancel) JobEnded: {'identifier': 'navcancel', 'rc': 2}
[4.019991] (-) EventReactorShutdown: {}
