[0.019s] Invoking command in '/home/uc/ros2_humble_ws/src/navcancel/build/navcancel': CMAKE_PREFIX_PATH=/opt/ros/humble /usr/bin/cmake /home/uc/ros2_humble_ws/src/navcancel -DCMAKE_INSTALL_PREFIX=/home/uc/ros2_humble_ws/src/navcancel/install/navcancel
[0.029s] -- Found ament_cmake: 1.3.5 (/opt/ros/humble/share/ament_cmake/cmake)
[0.168s] -- Found rclcpp: 16.0.5 (/opt/ros/humble/share/rclcpp/cmake)
[0.193s] -- Found rosidl_generator_c: 3.1.5 (/opt/ros/humble/share/rosidl_generator_c/cmake)
[0.196s] -- Found rosidl_adapter: 3.1.5 (/opt/ros/humble/share/rosidl_adapter/cmake)
[0.201s] -- Found rosidl_generator_cpp: 3.1.5 (/opt/ros/humble/share/rosidl_generator_cpp/cmake)
[0.211s] -- Using all available rosidl_typesupport_c: rosidl_typesupport_fastrtps_c;rosidl_typesupport_introspection_c
[0.225s] -- Using all available rosidl_typesupport_cpp: rosidl_typesupport_fastrtps_cpp;rosidl_typesupport_introspection_cpp
[0.278s] -- Found rmw_implementation_cmake: 6.1.1 (/opt/ros/humble/share/rmw_implementation_cmake/cmake)
[0.279s] -- Found rmw_fastrtps_cpp: 6.2.3 (/opt/ros/humble/share/rmw_fastrtps_cpp/cmake)
[0.392s] -- Using RMW implementation 'rmw_fastrtps_cpp' as default
[0.534s] -- Found nav2_msgs: 1.1.8 (/opt/ros/humble/share/nav2_msgs/cmake)
[0.878s] -- Found ament_lint_auto: 0.12.7 (/opt/ros/humble/share/ament_lint_auto/cmake)
[0.948s] -- Added test 'cppcheck' to perform static code analysis on C / C++ code
[0.948s] -- Configured cppcheck include dirs: 
[0.948s] -- Configured cppcheck exclude dirs and/or files: 
[0.949s] -- Added test 'flake8' to check Python code syntax and style conventions
[0.951s] -- Added test 'lint_cmake' to check CMake code style
[0.952s] -- Added test 'pep257' to check Python code against some of the docstring style conventions in PEP 257
[0.957s] -- Added test 'uncrustify' to check C / C++ code style
[0.957s] -- Configured uncrustify additional arguments: 
[0.958s] -- Added test 'xmllint' to check XML markup files
[0.959s] -- Configuring done
[0.973s] -- Generating done
[0.976s] -- Build files have been written to: /home/uc/ros2_humble_ws/src/navcancel/build/navcancel
[0.987s] Invoked command in '/home/uc/ros2_humble_ws/src/navcancel/build/navcancel' returned '0': CMAKE_PREFIX_PATH=/opt/ros/humble /usr/bin/cmake /home/uc/ros2_humble_ws/src/navcancel -DCMAKE_INSTALL_PREFIX=/home/uc/ros2_humble_ws/src/navcancel/install/navcancel
[0.988s] Invoking command in '/home/uc/ros2_humble_ws/src/navcancel/build/navcancel': CMAKE_PREFIX_PATH=/opt/ros/humble /usr/bin/cmake --build /home/uc/ros2_humble_ws/src/navcancel/build/navcancel -- -j4 -l4
[1.046s] [ 50%] [32mBuilding CXX object CMakeFiles/navcancel.dir/src/navcancel.cpp.o[0m
[5.820s] [01m[K/home/uc/ros2_humble_ws/src/navcancel/src/navcancel.cpp:[m[K In function â€˜[01m[Kint main(int, char**)[m[Kâ€™:
[5.820s] [01m[K/home/uc/ros2_humble_ws/src/navcancel/src/navcancel.cpp:11:26:[m[K [01;31m[Kerror: [m[Kâ€˜[01m[Krclcpp_action[m[Kâ€™ has not been declared
[5.820s]    11 |     auto action_client = [01;31m[Krclcpp_action[m[K::create_client<NavigateToPose>(node, "/navigate_to_pose");
[5.820s]       |                          [01;31m[K^~~~~~~~~~~~~[m[K
[5.820s] [01m[K/home/uc/ros2_humble_ws/src/navcancel/src/navcancel.cpp:11:69:[m[K [01;31m[Kerror: [m[Kexpected primary-expression before â€˜[01m[K>[m[Kâ€™ token
[5.820s]    11 |  action_client = rclcpp_action::create_client<NavigateToPose[01;31m[K>[m[K(node, "/navigate_to_pose");
[5.820s]       |                                                             [01;31m[K^[m[K
[5.820s] 
[5.820s] [01m[K/home/uc/ros2_humble_ws/src/navcancel/src/navcancel.cpp:11:71:[m[K [01;35m[Kwarning: [m[Kleft operand of comma operator has no effect [[01;35m[K]8;;https://gcc.gnu.org/onlinedocs/gcc/Warning-Options.html#index-Wunused-value-Wunused-value]8;;[m[K]
[5.820s]    11 | ction_client = rclcpp_action::create_client<NavigateToPose>([01;35m[Knode[m[K, "/navigate_to_pose");
[5.820s]       |                                                             [01;35m[K^~~~[m[K
[5.820s] 
[5.820s] [01m[K/home/uc/ros2_humble_ws/src/navcancel/src/navcancel.cpp:16:31:[m[K [01;31m[Kerror: [m[Kâ€˜[01m[Krclcpp_action[m[Kâ€™ has not been declared
[5.820s]    16 |     if (cancel_result.code == [01;31m[Krclcpp_action[m[K::ResultCode::SUCCESS) {
[5.820s]       |                               [01;31m[K^~~~~~~~~~~~~[m[K
[6.581s] gmake[2]: *** [CMakeFiles/navcancel.dir/build.make:76: CMakeFiles/navcancel.dir/src/navcancel.cpp.o] Error 1
[6.582s] gmake[1]: *** [CMakeFiles/Makefile2:137: CMakeFiles/navcancel.dir/all] Error 2
[6.582s] gmake: *** [Makefile:146: all] Error 2
[6.586s] Invoked command in '/home/uc/ros2_humble_ws/src/navcancel/build/navcancel' returned '2': CMAKE_PREFIX_PATH=/opt/ros/humble /usr/bin/cmake --build /home/uc/ros2_humble_ws/src/navcancel/build/navcancel -- -j4 -l4
