[0.000000] (-) TimerEvent: {}
[0.002063] (navcancel) JobQueued: {'identifier': 'navcancel', 'dependencies': OrderedDict()}
[0.002184] (navcancel) JobStarted: {'identifier': 'navcancel'}
[0.017336] (navcancel) JobProgress: {'identifier': 'navcancel', 'progress': 'cmake'}
[0.019945] (navcancel) JobProgress: {'identifier': 'navcancel', 'progress': 'build'}
[0.020161] (navcancel) Command: {'cmd': ['/usr/bin/cmake', '--build', '/home/uc/ros2_humble_ws/src/navcancel/build/navcancel', '--', '-j4', '-l4'], 'cwd': '/home/uc/ros2_humble_ws/src/navcancel/build/navcancel', 'env': OrderedDict([('LESSOPEN', '| /usr/bin/lesspipe %s'), ('USER', 'uc'), ('LC_TIME', 'tr_TR.UTF-8'), ('XDG_SESSION_TYPE', 'wayland'), ('SHLVL', '1'), ('LD_LIBRARY_PATH', '/usr/lib/x86_64-linux-gnu/gazebo-11/plugins:/opt/ros/humble/opt/rviz_ogre_vendor/lib:/opt/ros/humble/lib/x86_64-linux-gnu:/opt/ros/humble/lib'), ('HOME', '/home/uc'), ('OLDPWD', '/home/uc/ros2_humble_ws/src'), ('DESKTOP_SESSION', 'ubuntu'), ('ROS_PYTHON_VERSION', '3'), ('GNOME_SHELL_SESSION_MODE', 'ubuntu'), ('GTK_MODULES', 'gail:atk-bridge'), ('LC_MONETARY', 'tr_TR.UTF-8'), ('SYSTEMD_EXEC_PID', '1813'), ('DBUS_SESSION_BUS_ADDRESS', 'unix:path=/run/user/1000/bus'), ('COLORTERM', 'truecolor'), ('IM_CONFIG_PHASE', '1'), ('WAYLAND_DISPLAY', 'wayland-0'), ('COLCON_PREFIX_PATH', '/home/uc/ros2_humble_ws/src/navcancel/install'), ('ROS_DISTRO', 'humble'), ('LOGNAME', 'uc'), ('_', '/usr/bin/colcon'), ('ROS_VERSION', '2'), ('XDG_SESSION_CLASS', 'user'), ('USERNAME', 'uc'), ('TERM', 'xterm-256color'), ('GAZEBO_MODEL_PATH', ':/opt/ros/humble/share/turtlebot3_gazebo/models'), ('GNOME_DESKTOP_SESSION_ID', 'this-is-deprecated'), ('ROS_LOCALHOST_ONLY', '0'), ('PATH', '/opt/ros/humble/bin:/usr/local/sbin:/usr/local/bin:/usr/sbin:/usr/bin:/sbin:/bin:/usr/games:/usr/local/games:/snap/bin:/snap/bin:/home/uc/.local/share/JetBrains/Toolbox/scripts'), ('SESSION_MANAGER', 'local/UC:@/tmp/.ICE-unix/1787,unix/UC:/tmp/.ICE-unix/1787'), ('XDG_MENU_PREFIX', 'gnome-'), ('LC_ADDRESS', 'tr_TR.UTF-8'), ('GNOME_TERMINAL_SCREEN', '/org/gnome/Terminal/screen/c09b6dd3_cf6f_4293_af85_7389bd898a9c'), ('GNOME_SETUP_DISPLAY', ':1'), ('XDG_RUNTIME_DIR', '/run/user/1000'), ('DISPLAY', ':0'), ('LANG', 'en_US.UTF-8'), ('XDG_CURRENT_DESKTOP', 'ubuntu:GNOME'), ('LC_TELEPHONE', 'tr_TR.UTF-8'), ('XMODIFIERS', '@im=ibus'), ('XDG_SESSION_DESKTOP', 'ubuntu'), ('XAUTHORITY', '/run/user/1000/.mutter-Xwaylandauth.UW7781'), ('LS_COLORS', 'rs=0:di=01;34:ln=01;36:mh=00:pi=40;33:so=01;35:do=01;35:bd=40;33;01:cd=40;33;01:or=40;31;01:mi=00:su=37;41:sg=30;43:ca=30;41:tw=30;42:ow=34;42:st=37;44:ex=01;32:*.tar=01;31:*.tgz=01;31:*.arc=01;31:*.arj=01;31:*.taz=01;31:*.lha=01;31:*.lz4=01;31:*.lzh=01;31:*.lzma=01;31:*.tlz=01;31:*.txz=01;31:*.tzo=01;31:*.t7z=01;31:*.zip=01;31:*.z=01;31:*.dz=01;31:*.gz=01;31:*.lrz=01;31:*.lz=01;31:*.lzo=01;31:*.xz=01;31:*.zst=01;31:*.tzst=01;31:*.bz2=01;31:*.bz=01;31:*.tbz=01;31:*.tbz2=01;31:*.tz=01;31:*.deb=01;31:*.rpm=01;31:*.jar=01;31:*.war=01;31:*.ear=01;31:*.sar=01;31:*.rar=01;31:*.alz=01;31:*.ace=01;31:*.zoo=01;31:*.cpio=01;31:*.7z=01;31:*.rz=01;31:*.cab=01;31:*.wim=01;31:*.swm=01;31:*.dwm=01;31:*.esd=01;31:*.jpg=01;35:*.jpeg=01;35:*.mjpg=01;35:*.mjpeg=01;35:*.gif=01;35:*.bmp=01;35:*.pbm=01;35:*.pgm=01;35:*.ppm=01;35:*.tga=01;35:*.xbm=01;35:*.xpm=01;35:*.tif=01;35:*.tiff=01;35:*.png=01;35:*.svg=01;35:*.svgz=01;35:*.mng=01;35:*.pcx=01;35:*.mov=01;35:*.mpg=01;35:*.mpeg=01;35:*.m2v=01;35:*.mkv=01;35:*.webm=01;35:*.webp=01;35:*.ogm=01;35:*.mp4=01;35:*.m4v=01;35:*.mp4v=01;35:*.vob=01;35:*.qt=01;35:*.nuv=01;35:*.wmv=01;35:*.asf=01;35:*.rm=01;35:*.rmvb=01;35:*.flc=01;35:*.avi=01;35:*.fli=01;35:*.flv=01;35:*.gl=01;35:*.dl=01;35:*.xcf=01;35:*.xwd=01;35:*.yuv=01;35:*.cgm=01;35:*.emf=01;35:*.ogv=01;35:*.ogx=01;35:*.aac=00;36:*.au=00;36:*.flac=00;36:*.m4a=00;36:*.mid=00;36:*.midi=00;36:*.mka=00;36:*.mp3=00;36:*.mpc=00;36:*.ogg=00;36:*.ra=00;36:*.wav=00;36:*.oga=00;36:*.opus=00;36:*.spx=00;36:*.xspf=00;36:'), ('GNOME_TERMINAL_SERVICE', ':1.96'), ('SSH_AGENT_LAUNCHER', 'gnome-keyring'), ('SSH_AUTH_SOCK', '/run/user/1000/keyring/ssh'), ('AMENT_PREFIX_PATH', '/home/uc/ros2_humble_ws/src/navcancel/install/navcancel:/opt/ros/humble'), ('SHELL', '/bin/bash'), ('LC_NAME', 'tr_TR.UTF-8'), ('QT_ACCESSIBILITY', '1'), ('GDMSESSION', 'ubuntu'), ('LESSCLOSE', '/usr/bin/lesspipe %s %s'), ('LC_MEASUREMENT', 'tr_TR.UTF-8'), ('LC_IDENTIFICATION', 'tr_TR.UTF-8'), ('QT_IM_MODULE', 'ibus'), ('PWD', '/home/uc/ros2_humble_ws/src/navcancel/build/navcancel'), ('TURTLEBOT3_MODEL', 'waffle'), ('LC_ALL', 'en_US.UTF-8'), ('XDG_CONFIG_DIRS', '/etc/xdg/xdg-ubuntu:/etc/xdg'), ('XDG_DATA_DIRS', '/usr/share/ubuntu:/usr/local/share/:/usr/share/:/var/lib/snapd/desktop'), ('PYTHONPATH', '/opt/ros/humble/lib/python3.10/site-packages:/opt/ros/humble/local/lib/python3.10/dist-packages'), ('LC_NUMERIC', 'tr_TR.UTF-8'), ('LC_PAPER', 'tr_TR.UTF-8'), ('COLCON', '1'), ('VTE_VERSION', '6800'), ('CMAKE_PREFIX_PATH', '/home/uc/ros2_humble_ws/src/navcancel/install/navcancel:/opt/ros/humble')]), 'shell': False}
[0.100580] (-) TimerEvent: {}
[0.108267] (navcancel) StdoutLine: {'line': b'\x1b[35m\x1b[1mConsolidate compiler generated dependencies of target navcancel\x1b[0m\n'}
[0.136522] (navcancel) StdoutLine: {'line': b'[ 50%] \x1b[32mBuilding CXX object CMakeFiles/navcancel.dir/src/navcancel.cpp.o\x1b[0m\n'}
[0.201281] (-) TimerEvent: {}
[0.301911] (-) TimerEvent: {}
[0.402632] (-) TimerEvent: {}
[0.503266] (-) TimerEvent: {}
[0.604545] (-) TimerEvent: {}
[0.705549] (-) TimerEvent: {}
[0.806321] (-) TimerEvent: {}
[0.907016] (-) TimerEvent: {}
[1.008450] (-) TimerEvent: {}
[1.110135] (-) TimerEvent: {}
[1.210837] (-) TimerEvent: {}
[1.311805] (-) TimerEvent: {}
[1.412520] (-) TimerEvent: {}
[1.513437] (-) TimerEvent: {}
[1.614142] (-) TimerEvent: {}
[1.715021] (-) TimerEvent: {}
[1.815779] (-) TimerEvent: {}
[1.917105] (-) TimerEvent: {}
[2.018198] (-) TimerEvent: {}
[2.119285] (-) TimerEvent: {}
[2.219697] (-) TimerEvent: {}
[2.322607] (-) TimerEvent: {}
[2.423188] (-) TimerEvent: {}
[2.524303] (-) TimerEvent: {}
[2.625051] (-) TimerEvent: {}
[2.726241] (-) TimerEvent: {}
[2.827223] (-) TimerEvent: {}
[2.927995] (-) TimerEvent: {}
[3.029048] (-) TimerEvent: {}
[3.129739] (-) TimerEvent: {}
[3.230492] (-) TimerEvent: {}
[3.331012] (-) TimerEvent: {}
[3.431732] (-) TimerEvent: {}
[3.532368] (-) TimerEvent: {}
[3.633361] (-) TimerEvent: {}
[3.734549] (-) TimerEvent: {}
[3.835264] (-) TimerEvent: {}
[3.921618] (navcancel) StderrLine: {'line': b'\x1b[01m\x1b[K/home/uc/ros2_humble_ws/src/navcancel/src/navcancel.cpp:\x1b[m\x1b[K In function \xe2\x80\x98\x1b[01m\x1b[Kvoid cancelAllGoals()\x1b[m\x1b[K\xe2\x80\x99:\n'}
[3.922013] (navcancel) StderrLine: {'line': b'\x1b[01m\x1b[K/home/uc/ros2_humble_ws/src/navcancel/src/navcancel.cpp:13:13:\x1b[m\x1b[K \x1b[01;31m\x1b[Kerror: \x1b[m\x1b[K\xe2\x80\x98\x1b[01m\x1b[Kusing element_type = class rclcpp_action::Client<nav2_msgs::action::NavigateToPose>\x1b[m\x1b[K\xe2\x80\x99 {aka \xe2\x80\x98\x1b[01m\x1b[Kclass rclcpp_action::Client<nav2_msgs::action::NavigateToPose>\x1b[m\x1b[K\xe2\x80\x99} has no member named \xe2\x80\x98\x1b[01m\x1b[Kget_action_server\x1b[m\x1b[K\xe2\x80\x99; did you mean \xe2\x80\x98\x1b[01m\x1b[Kwait_for_action_server\x1b[m\x1b[K\xe2\x80\x99?\n'}
[3.922076] (navcancel) StderrLine: {'line': b'   13 |     client->\x1b[01;31m\x1b[Kget_action_server\x1b[m\x1b[K()->wait_for_result();\n'}
[3.922124] (navcancel) StderrLine: {'line': b'      |             \x1b[01;31m\x1b[K^~~~~~~~~~~~~~~~~\x1b[m\x1b[K\n'}
[3.922167] (navcancel) StderrLine: {'line': b'      |             \x1b[32m\x1b[Kwait_for_action_server\x1b[m\x1b[K\n'}
[3.935876] (-) TimerEvent: {}
[4.036421] (-) TimerEvent: {}
[4.137122] (-) TimerEvent: {}
[4.238052] (-) TimerEvent: {}
[4.338863] (-) TimerEvent: {}
[4.439370] (-) TimerEvent: {}
[4.540868] (-) TimerEvent: {}
[4.641652] (-) TimerEvent: {}
[4.742730] (-) TimerEvent: {}
[4.843366] (-) TimerEvent: {}
[4.868131] (navcancel) StderrLine: {'line': b'gmake[2]: *** [CMakeFiles/navcancel.dir/build.make:76: CMakeFiles/navcancel.dir/src/navcancel.cpp.o] Error 1\n'}
[4.868740] (navcancel) StderrLine: {'line': b'gmake[1]: *** [CMakeFiles/Makefile2:137: CMakeFiles/navcancel.dir/all] Error 2\n'}
[4.870647] (navcancel) StderrLine: {'line': b'gmake: *** [Makefile:146: all] Error 2\n'}
[4.873771] (navcancel) CommandEnded: {'returncode': 2}
[4.945401] (-) TimerEvent: {}
[4.961540] (navcancel) JobEnded: {'identifier': 'navcancel', 'rc': 2}
[4.973024] (-) EventReactorShutdown: {}
