[35m[1mConsolidate compiler generated dependencies of target navcancel[0m
[ 50%] [32mBuilding CXX object CMakeFiles/navcancel.dir/src/navcancel.cpp.o[0m
[01m[K/home/uc/ros2_humble_ws/src/navcancel/src/navcancel.cpp:[m[K In function â€˜[01m[Kvoid cancelAllGoals()[m[Kâ€™:
[01m[K/home/uc/ros2_humble_ws/src/navcancel/src/navcancel.cpp:27:43:[m[K [01;31m[Kerror: [m[Kâ€˜[01m[Krclcpp_action::FutureReturnCode[m[Kâ€™ has not been declared
   27 |     while (rclcpp::ok() && rclcpp_action::[01;31m[KFutureReturnCode[m[K::SUCCESS != future.wait_for(std::chrono::seconds(1))) {
      |                                           [01;31m[K^~~~~~~~~~~~~~~~[m[K
gmake[2]: *** [CMakeFiles/navcancel.dir/build.make:76: CMakeFiles/navcancel.dir/src/navcancel.cpp.o] Error 1
gmake[1]: *** [CMakeFiles/Makefile2:137: CMakeFiles/navcancel.dir/all] Error 2
gmake: *** [Makefile:146: all] Error 2
